  [4;36;1mSQL (0.5ms)[0m   [0;1mSET SQL_AUTO_IS_NULL=0[0m
  [4;35;1mSQL (0.5ms)[0m   [0mSHOW TABLES[0m
  [4;36;1mSQL (2.8ms)[0m   [0;1mCREATE TABLE `schema_migrations` (`version` varchar(255) NOT NULL) ENGINE=InnoDB[0m
  [4;35;1mSQL (3.4ms)[0m   [0mCREATE UNIQUE INDEX `unique_schema_migrations` ON `schema_migrations` (`version`)[0m
  [4;36;1mSQL (0.5ms)[0m   [0;1mSHOW TABLES[0m
  [4;35;1mSQL (0.5ms)[0m   [0mSELECT version FROM schema_migrations[0m
Migrating to CreateItems (20091003060826)
  [4;36;1mSQL (1.7ms)[0m   [0;1mCREATE TABLE `items` (`id` int(11) DEFAULT NULL auto_increment PRIMARY KEY, `name` varchar(255), `description` text, `raw_data` blob, `created_at` datetime, `updated_at` datetime) ENGINE=InnoDB[0m
  [4;35;1mSQL (0.6ms)[0m   [0mINSERT INTO schema_migrations (version) VALUES ('20091003060826')[0m
Migrating to CreateAlerts (20091003060918)
  [4;36;1mSQL (1.9ms)[0m   [0;1mCREATE TABLE `alerts` (`id` int(11) DEFAULT NULL auto_increment PRIMARY KEY, `title` varchar(255), `content` text, `status` varchar(255), `deadline` datetime, `created_at` datetime, `updated_at` datetime) ENGINE=InnoDB[0m
  [4;35;1mSQL (0.6ms)[0m   [0mINSERT INTO schema_migrations (version) VALUES ('20091003060918')[0m
  [4;36;1mSQL (0.5ms)[0m   [0;1mSHOW TABLES[0m
  [4;35;1mSQL (0.4ms)[0m   [0mSELECT version FROM schema_migrations[0m
  [4;36;1mSQL (0.4ms)[0m   [0;1mSHOW TABLES[0m
  [4;35;1mSQL (1.4ms)[0m   [0mSHOW FIELDS FROM `alerts`[0m
  [4;36;1mSQL (1.2ms)[0m   [0;1mdescribe `alerts`[0m
  [4;35;1mSQL (0.5ms)[0m   [0mSHOW KEYS FROM `alerts`[0m
  [4;36;1mSQL (1.2ms)[0m   [0;1mSHOW FIELDS FROM `items`[0m
  [4;35;1mSQL (1.1ms)[0m   [0mdescribe `items`[0m
  [4;36;1mSQL (0.5ms)[0m   [0;1mSHOW KEYS FROM `items`[0m
  [4;36;1mSQL (0.5ms)[0m   [0;1mSET SQL_AUTO_IS_NULL=0[0m
  [4;35;1mAlert Columns (4.8ms)[0m   [0mSHOW FIELDS FROM `alerts`[0m
  [4;36;1mSQL (0.5ms)[0m   [0;1mBEGIN[0m
  [4;35;1mAlert Create (0.5ms)[0m   [0mINSERT INTO `alerts` (`status`, `updated_at`, `title`, `deadline`, `content`, `created_at`) VALUES(NULL, '2009-10-03 06:21:54', 'Oh my God', '2009-10-04 04:00:00', 'It\'s all going to hell!', '2009-10-03 06:21:54')[0m
  [4;36;1mSQL (4.7ms)[0m   [0;1mCOMMIT[0m
  [4;35;1mAlert Load (0.6ms)[0m   [0mSELECT * FROM `alerts` LIMIT 1[0m
  [4;36;1mAlert Load (0.5ms)[0m   [0;1mSELECT * FROM `alerts` LIMIT 1[0m
  [4;35;1mSQL (0.5ms)[0m   [0mBEGIN[0m
  [4;36;1mAlert Update (0.5ms)[0m   [0;1mUPDATE `alerts` SET `status` = 'new', `updated_at` = '2009-10-03 06:22:39' WHERE `id` = 1[0m
  [4;35;1mSQL (3.6ms)[0m   [0mCOMMIT[0m
  [4;36;1mSQL (0.5ms)[0m   [0;1mSET SQL_AUTO_IS_NULL=0[0m
  [4;35;1mAlert Columns (1.3ms)[0m   [0mSHOW FIELDS FROM `alerts`[0m
  [4;36;1mSQL (0.2ms)[0m   [0;1mBEGIN[0m
  [4;35;1mAlert Create (0.4ms)[0m   [0mINSERT INTO `alerts` (`status`, `updated_at`, `title`, `deadline`, `content`, `created_at`) VALUES('new', '2009-10-03 06:23:55', 'New alert', NULL, 'is new', '2009-10-03 06:23:55')[0m
  [4;36;1mSQL (1.1ms)[0m   [0;1mCOMMIT[0m
  [4;36;1mSQL (0.5ms)[0m   [0;1mSET SQL_AUTO_IS_NULL=0[0m


Processing ApplicationController#index (for 127.0.0.1 at 2009-10-03 02:24:10) [GET]

ActionController::RoutingError (No route matches "/aslerts" with {:method=>:get}):
  

Rendering rescues/layout (not_found)
  [4;35;1mSQL (0.2ms)[0m   [0mSET SQL_AUTO_IS_NULL=0[0m


Processing AlertsController#index (for 127.0.0.1 at 2009-10-03 02:24:13) [GET]
  [4;36;1mAlert Load (0.6ms)[0m   [0;1mSELECT * FROM `alerts` [0m
Rendering alerts/index
  [4;35;1mAlert Columns (1.7ms)[0m   [0mSHOW FIELDS FROM `alerts`[0m

ActionView::TemplateError (undefined method `description' for #<Alert:0x25145bc>) on line #6 of app/views/alerts/index.html.erb:
3:   <% @alerts.each do |alert| %>
4:     <tr>
5:       <td><%= alert.title -%></td>
6:       <td><%= alert.description -%></td>
7:     </tr>
8:   <% end %>
9: </table>

    app/views/alerts/index.html.erb:6
    app/views/alerts/index.html.erb:3:in `each'
    app/views/alerts/index.html.erb:3
    app/controllers/alerts_controller.rb:9:in `index'

Rendered rescues/_trace (34.9ms)
Rendered rescues/_request_and_response (1.1ms)
Rendering rescues/layout (internal_server_error)
  [4;36;1mSQL (0.2ms)[0m   [0;1mSET SQL_AUTO_IS_NULL=0[0m


Processing AlertsController#index (for 127.0.0.1 at 2009-10-03 02:24:30) [GET]
  [4;35;1mAlert Load (0.5ms)[0m   [0mSELECT * FROM `alerts` [0m
Rendering alerts/index
  [4;36;1mAlert Columns (1.2ms)[0m   [0;1mSHOW FIELDS FROM `alerts`[0m
Completed in 10ms (View: 5, DB: 2) | 200 OK [http://localhost/alerts]
  [4;35;1mSQL (0.2ms)[0m   [0mSET SQL_AUTO_IS_NULL=0[0m


Processing AlertsController#index to xml (for 127.0.0.1 at 2009-10-03 02:24:37) [GET]
  [4;36;1mAlert Load (0.6ms)[0m   [0;1mSELECT * FROM `alerts` [0m
  [4;35;1mAlert Columns (1.4ms)[0m   [0mSHOW FIELDS FROM `alerts`[0m

ActionView::MissingTemplate (Missing template alerts/index.erb in view path app/views):
  

Rendering rescues/layout (internal_server_error)
  [4;36;1mSQL (0.2ms)[0m   [0;1mSET SQL_AUTO_IS_NULL=0[0m


Processing AlertsController#index to xml (for 127.0.0.1 at 2009-10-03 02:25:02) [GET]
  [4;35;1mAlert Load (0.5ms)[0m   [0mSELECT * FROM `alerts` [0m
  [4;36;1mAlert Columns (1.1ms)[0m   [0;1mSHOW FIELDS FROM `alerts`[0m
Completed in 63ms (View: 1, DB: 2) | 200 OK [http://localhost/alerts.xml]
  [4;35;1mSQL (0.4ms)[0m   [0mSET SQL_AUTO_IS_NULL=0[0m


Processing AlertsController#index to xml (for 127.0.0.1 at 2009-10-03 02:30:01) [GET]
  [4;36;1mAlert Load (0.7ms)[0m   [0;1mSELECT * FROM `alerts` [0m
  [4;35;1mAlert Columns (1.5ms)[0m   [0mSHOW FIELDS FROM `alerts`[0m
Completed in 9ms (View: 1, DB: 3) | 200 OK [http://localhost/alerts.xml]
  [4;36;1mSQL (0.5ms)[0m   [0;1mSET SQL_AUTO_IS_NULL=0[0m


Processing AlertsController#index to xml (for 127.0.0.1 at 2009-10-03 22:32:17) [GET]
  [4;35;1mAlert Load (0.7ms)[0m   [0mSELECT * FROM `alerts` [0m
  [4;36;1mAlert Columns (1.2ms)[0m   [0;1mSHOW FIELDS FROM `alerts`[0m
Completed in 184ms (View: 40, DB: 2) | 200 OK [http://localhost/alerts.xml]
  [4;35;1mSQL (0.5ms)[0m   [0mSET SQL_AUTO_IS_NULL=0[0m


Processing ApplicationController#index (for 127.0.0.1 at 2009-10-03 22:44:29) [GET]

ActionController::RoutingError (No route matches "/alert.xml" with {:method=>:get}):
  

Rendering rescues/layout (not_found)
  [4;36;1mSQL (0.5ms)[0m   [0;1mSET SQL_AUTO_IS_NULL=0[0m


Processing ApplicationController#index (for 127.0.0.1 at 2009-10-03 22:45:26) [GET]

ActionController::RoutingError (No route matches "/alert.xml" with {:method=>:get}):
  

Rendering rescues/layout (not_found)
  [4;35;1mSQL (0.4ms)[0m   [0mSET SQL_AUTO_IS_NULL=0[0m


Processing AlertsController#index to xml (for 127.0.0.1 at 2009-10-03 22:46:00) [GET]
  [4;36;1mAlert Load (0.6ms)[0m   [0;1mSELECT * FROM `alerts` [0m
  [4;35;1mAlert Columns (1.4ms)[0m   [0mSHOW FIELDS FROM `alerts`[0m
Completed in 9ms (View: 1, DB: 2) | 200 OK [http://localhost/alerts.xml]
  [4;36;1mSQL (0.5ms)[0m   [0;1mSET SQL_AUTO_IS_NULL=0[0m


Processing AlertsController#index to xml (for 127.0.0.1 at 2009-10-03 23:15:04) [GET]
  [4;35;1mAlert Load (0.6ms)[0m   [0mSELECT * FROM `alerts` [0m
  [4;36;1mAlert Columns (1.4ms)[0m   [0;1mSHOW FIELDS FROM `alerts`[0m
Completed in 8ms (View: 0, DB: 2) | 200 OK [http://localhost/alerts.xml]
  [4;35;1mSQL (0.5ms)[0m   [0mSET SQL_AUTO_IS_NULL=0[0m


Processing AlertsController#index to xml (for 127.0.0.1 at 2009-10-03 23:15:25) [GET]
  [4;36;1mAlert Load (0.6ms)[0m   [0;1mSELECT * FROM `alerts` [0m
  [4;35;1mAlert Columns (1.4ms)[0m   [0mSHOW FIELDS FROM `alerts`[0m
Completed in 8ms (View: 0, DB: 3) | 200 OK [http://localhost/alerts.xml]
  [4;36;1mSQL (0.5ms)[0m   [0;1mSET SQL_AUTO_IS_NULL=0[0m


Processing AlertsController#index to xml (for 127.0.0.1 at 2009-10-03 23:17:07) [GET]
  [4;35;1mAlert Load (0.6ms)[0m   [0mSELECT * FROM `alerts` [0m
  [4;36;1mAlert Columns (1.7ms)[0m   [0;1mSHOW FIELDS FROM `alerts`[0m
Completed in 9ms (View: 0, DB: 3) | 200 OK [http://localhost/alerts.xml]
  [4;35;1mSQL (0.5ms)[0m   [0mSET SQL_AUTO_IS_NULL=0[0m


Processing AlertsController#index to xml (for 127.0.0.1 at 2009-10-03 23:17:12) [GET]
  [4;36;1mAlert Load (0.7ms)[0m   [0;1mSELECT * FROM `alerts` [0m
  [4;35;1mAlert Columns (1.2ms)[0m   [0mSHOW FIELDS FROM `alerts`[0m
Completed in 8ms (View: 0, DB: 2) | 200 OK [http://localhost/alerts.xml]
  [4;36;1mSQL (0.5ms)[0m   [0;1mSET SQL_AUTO_IS_NULL=0[0m


Processing AlertsController#index to xml (for 127.0.0.1 at 2009-10-03 23:17:15) [GET]
  [4;35;1mAlert Load (0.6ms)[0m   [0mSELECT * FROM `alerts` [0m
  [4;36;1mAlert Columns (1.2ms)[0m   [0;1mSHOW FIELDS FROM `alerts`[0m
Completed in 8ms (View: 0, DB: 2) | 200 OK [http://localhost/alerts.xml]
  [4;35;1mSQL (0.5ms)[0m   [0mSET SQL_AUTO_IS_NULL=0[0m


Processing AlertsController#index to xml (for 127.0.0.1 at 2009-10-03 23:19:07) [GET]
  [4;36;1mAlert Load (0.7ms)[0m   [0;1mSELECT * FROM `alerts` [0m
  [4;35;1mAlert Columns (1.7ms)[0m   [0mSHOW FIELDS FROM `alerts`[0m
Completed in 9ms (View: 0, DB: 3) | 200 OK [http://localhost/alerts.xml]
  [4;36;1mSQL (0.4ms)[0m   [0;1mSET SQL_AUTO_IS_NULL=0[0m


Processing AlertsController#index to xml (for 127.0.0.1 at 2009-10-03 23:19:58) [GET]
  [4;35;1mAlert Load (0.7ms)[0m   [0mSELECT * FROM `alerts` [0m
  [4;36;1mAlert Columns (1.3ms)[0m   [0;1mSHOW FIELDS FROM `alerts`[0m
Completed in 9ms (View: 1, DB: 2) | 200 OK [http://localhost/alerts.xml]
  [4;35;1mSQL (0.4ms)[0m   [0mSET SQL_AUTO_IS_NULL=0[0m


Processing AlertsController#index to xml (for 127.0.0.1 at 2009-10-03 23:20:33) [GET]
  [4;36;1mAlert Load (0.6ms)[0m   [0;1mSELECT * FROM `alerts` [0m
  [4;35;1mAlert Columns (1.4ms)[0m   [0mSHOW FIELDS FROM `alerts`[0m
Completed in 8ms (View: 0, DB: 2) | 200 OK [http://localhost/alerts.xml]
  [4;36;1mSQL (0.4ms)[0m   [0;1mSET SQL_AUTO_IS_NULL=0[0m


Processing AlertsController#index to xml (for 127.0.0.1 at 2009-10-03 23:21:05) [GET]
  [4;35;1mAlert Load (0.6ms)[0m   [0mSELECT * FROM `alerts` [0m
  [4;36;1mAlert Columns (1.8ms)[0m   [0;1mSHOW FIELDS FROM `alerts`[0m
Completed in 9ms (View: 1, DB: 3) | 200 OK [http://localhost/alerts.xml]
  [4;35;1mSQL (0.5ms)[0m   [0mSET SQL_AUTO_IS_NULL=0[0m


Processing AlertsController#index to xml (for 127.0.0.1 at 2009-10-03 23:41:09) [GET]
  [4;36;1mAlert Load (0.9ms)[0m   [0;1mSELECT * FROM `alerts` [0m
  [4;35;1mAlert Columns (10.5ms)[0m   [0mSHOW FIELDS FROM `alerts`[0m
Completed in 19ms (View: 1, DB: 12) | 200 OK [http://localhost/alerts.xml]
  [4;36;1mSQL (0.5ms)[0m   [0;1mSET SQL_AUTO_IS_NULL=0[0m


Processing AlertsController#index to xml (for 127.0.0.1 at 2009-10-03 23:42:04) [GET]
  [4;35;1mAlert Load (0.6ms)[0m   [0mSELECT * FROM `alerts` [0m
  [4;36;1mAlert Columns (1.3ms)[0m   [0;1mSHOW FIELDS FROM `alerts`[0m
Completed in 9ms (View: 1, DB: 2) | 200 OK [http://localhost/alerts.xml]
  [4;35;1mSQL (0.5ms)[0m   [0mSET SQL_AUTO_IS_NULL=0[0m


Processing AlertsController#index to xml (for 127.0.0.1 at 2009-10-03 23:42:26) [GET]
  [4;36;1mAlert Load (0.9ms)[0m   [0;1mSELECT * FROM `alerts` [0m
  [4;35;1mAlert Columns (1.5ms)[0m   [0mSHOW FIELDS FROM `alerts`[0m
Completed in 10ms (View: 1, DB: 3) | 200 OK [http://localhost/alerts.xml]
  [4;36;1mSQL (0.5ms)[0m   [0;1mSET SQL_AUTO_IS_NULL=0[0m


Processing AlertsController#index to xml (for 127.0.0.1 at 2009-10-03 23:44:01) [GET]
  [4;35;1mAlert Load (0.7ms)[0m   [0mSELECT * FROM `alerts` [0m
  [4;36;1mAlert Columns (1.4ms)[0m   [0;1mSHOW FIELDS FROM `alerts`[0m
Completed in 8ms (View: 0, DB: 3) | 200 OK [http://localhost/alerts.xml]
  [4;35;1mSQL (0.4ms)[0m   [0mSET SQL_AUTO_IS_NULL=0[0m


Processing AlertsController#index to xml (for 127.0.0.1 at 2009-10-03 23:44:30) [GET]
  [4;36;1mAlert Load (0.5ms)[0m   [0;1mSELECT * FROM `alerts` [0m
  [4;35;1mAlert Columns (1.4ms)[0m   [0mSHOW FIELDS FROM `alerts`[0m
Completed in 9ms (View: 1, DB: 2) | 200 OK [http://localhost/alerts.xml]
  [4;36;1mSQL (0.2ms)[0m   [0;1mSET SQL_AUTO_IS_NULL=0[0m


Processing AlertsController#index to xml (for 127.0.0.1 at 2009-10-03 23:45:09) [GET]
  [4;35;1mAlert Load (0.6ms)[0m   [0mSELECT * FROM `alerts` [0m
  [4;36;1mAlert Columns (1.4ms)[0m   [0;1mSHOW FIELDS FROM `alerts`[0m
Completed in 8ms (View: 1, DB: 2) | 200 OK [http://localhost/alerts.xml]
  [4;35;1mSQL (0.5ms)[0m   [0mSET SQL_AUTO_IS_NULL=0[0m


Processing AlertsController#index to xml (for 127.0.0.1 at 2009-10-03 23:48:46) [GET]
  [4;36;1mAlert Load (0.7ms)[0m   [0;1mSELECT * FROM `alerts` [0m
  [4;35;1mAlert Columns (1.2ms)[0m   [0mSHOW FIELDS FROM `alerts`[0m
Completed in 8ms (View: 0, DB: 2) | 200 OK [http://localhost/alerts.xml]
  [4;36;1mSQL (0.3ms)[0m   [0;1mSET SQL_AUTO_IS_NULL=0[0m


Processing AlertsController#index to xml (for 127.0.0.1 at 2009-10-03 23:49:15) [GET]
  [4;35;1mAlert Load (0.6ms)[0m   [0mSELECT * FROM `alerts` [0m
  [4;36;1mAlert Columns (1.6ms)[0m   [0;1mSHOW FIELDS FROM `alerts`[0m
Completed in 9ms (View: 0, DB: 2) | 200 OK [http://localhost/alerts.xml]
  [4;35;1mSQL (0.5ms)[0m   [0mSET SQL_AUTO_IS_NULL=0[0m


Processing AlertsController#index to xml (for 127.0.0.1 at 2009-10-03 23:51:06) [GET]
  [4;36;1mAlert Load (0.7ms)[0m   [0;1mSELECT * FROM `alerts` [0m
  [4;35;1mAlert Columns (1.6ms)[0m   [0mSHOW FIELDS FROM `alerts`[0m
Completed in 9ms (View: 1, DB: 3) | 200 OK [http://localhost/alerts.xml]
  [4;36;1mSQL (0.5ms)[0m   [0;1mSET SQL_AUTO_IS_NULL=0[0m


Processing AlertsController#index to xml (for 127.0.0.1 at 2009-10-03 23:51:55) [GET]
  [4;35;1mAlert Load (0.6ms)[0m   [0mSELECT * FROM `alerts` [0m
  [4;36;1mAlert Columns (1.4ms)[0m   [0;1mSHOW FIELDS FROM `alerts`[0m
Completed in 8ms (View: 0, DB: 3) | 200 OK [http://localhost/alerts.xml]
  [4;35;1mSQL (0.5ms)[0m   [0mSET SQL_AUTO_IS_NULL=0[0m


Processing AlertsController#index to xml (for 127.0.0.1 at 2009-10-03 23:52:27) [GET]
  [4;36;1mAlert Load (0.6ms)[0m   [0;1mSELECT * FROM `alerts` [0m
  [4;35;1mAlert Columns (1.2ms)[0m   [0mSHOW FIELDS FROM `alerts`[0m
Completed in 8ms (View: 0, DB: 2) | 200 OK [http://localhost/alerts.xml]
  [4;36;1mSQL (0.5ms)[0m   [0;1mSET SQL_AUTO_IS_NULL=0[0m


Processing AlertsController#index to xml (for 127.0.0.1 at 2009-10-03 23:54:02) [GET]
  [4;35;1mAlert Load (0.6ms)[0m   [0mSELECT * FROM `alerts` [0m
  [4;36;1mAlert Columns (1.7ms)[0m   [0;1mSHOW FIELDS FROM `alerts`[0m
Completed in 9ms (View: 1, DB: 3) | 200 OK [http://localhost/alerts.xml]
  [4;35;1mSQL (0.5ms)[0m   [0mSET SQL_AUTO_IS_NULL=0[0m


Processing AlertsController#index to xml (for 127.0.0.1 at 2009-10-03 23:54:34) [GET]
  [4;36;1mAlert Load (0.7ms)[0m   [0;1mSELECT * FROM `alerts` [0m
  [4;35;1mAlert Columns (1.7ms)[0m   [0mSHOW FIELDS FROM `alerts`[0m
Completed in 8ms (View: 0, DB: 3) | 200 OK [http://localhost/alerts.xml]
  [4;36;1mSQL (0.5ms)[0m   [0;1mSET SQL_AUTO_IS_NULL=0[0m


Processing AlertsController#index to xml (for 127.0.0.1 at 2009-10-03 23:57:07) [GET]
  [4;35;1mAlert Load (0.6ms)[0m   [0mSELECT * FROM `alerts` [0m
  [4;36;1mAlert Columns (1.2ms)[0m   [0;1mSHOW FIELDS FROM `alerts`[0m
Completed in 8ms (View: 0, DB: 2) | 200 OK [http://localhost/alerts.xml]
  [4;35;1mSQL (0.5ms)[0m   [0mSET SQL_AUTO_IS_NULL=0[0m


Processing AlertsController#index to xml (for 127.0.0.1 at 2009-10-03 23:59:37) [GET]
  [4;36;1mAlert Load (0.7ms)[0m   [0;1mSELECT * FROM `alerts` [0m
  [4;35;1mAlert Columns (1.4ms)[0m   [0mSHOW FIELDS FROM `alerts`[0m
Completed in 8ms (View: 0, DB: 3) | 200 OK [http://localhost/alerts.xml]
  [4;36;1mSQL (0.5ms)[0m   [0;1mSET SQL_AUTO_IS_NULL=0[0m


Processing AlertsController#index to xml (for 127.0.0.1 at 2009-10-04 00:57:44) [GET]
  [4;35;1mAlert Load (0.7ms)[0m   [0mSELECT * FROM `alerts` [0m
  [4;36;1mAlert Columns (1.5ms)[0m   [0;1mSHOW FIELDS FROM `alerts`[0m
Completed in 57ms (View: 0, DB: 3) | 200 OK [http://localhost/alerts.xml]
  [4;36;1mSQL (0.5ms)[0m   [0;1mSET SQL_AUTO_IS_NULL=0[0m


Processing AlertsController#index to xml (for 127.0.0.1 at 2009-10-06 20:08:56) [GET]
  [4;35;1mAlert Load (0.9ms)[0m   [0mSELECT * FROM `alerts` [0m
  [4;36;1mAlert Columns (1.4ms)[0m   [0;1mSHOW FIELDS FROM `alerts`[0m
Completed in 184ms (View: 35, DB: 3) | 200 OK [http://localhost/alerts.xml]
  [4;35;1mSQL (0.5ms)[0m   [0mSET SQL_AUTO_IS_NULL=0[0m


Processing AlertsController#index to xml (for 127.0.0.1 at 2009-10-06 20:12:45) [GET]
  [4;36;1mAlert Load (0.8ms)[0m   [0;1mSELECT * FROM `alerts` [0m
  [4;35;1mAlert Columns (1.8ms)[0m   [0mSHOW FIELDS FROM `alerts`[0m
Completed in 86ms (View: 1, DB: 3) | 200 OK [http://localhost/alerts.xml]
  [4;36;1mSQL (0.5ms)[0m   [0;1mSET SQL_AUTO_IS_NULL=0[0m


Processing AlertsController#index to xml (for 127.0.0.1 at 2009-10-06 20:13:48) [GET]
  [4;35;1mAlert Load (0.6ms)[0m   [0mSELECT * FROM `alerts` [0m
  [4;36;1mAlert Columns (1.4ms)[0m   [0;1mSHOW FIELDS FROM `alerts`[0m
Completed in 8ms (View: 0, DB: 2) | 200 OK [http://localhost/alerts.xml]
  [4;35;1mSQL (0.5ms)[0m   [0mSET SQL_AUTO_IS_NULL=0[0m


Processing AlertsController#index to xml (for 127.0.0.1 at 2009-10-06 20:14:18) [GET]
  [4;36;1mAlert Load (0.6ms)[0m   [0;1mSELECT * FROM `alerts` [0m
  [4;35;1mAlert Columns (1.4ms)[0m   [0mSHOW FIELDS FROM `alerts`[0m
Completed in 8ms (View: 0, DB: 3) | 200 OK [http://localhost/alerts.xml]
  [4;36;1mSQL (0.5ms)[0m   [0;1mSET SQL_AUTO_IS_NULL=0[0m


Processing AlertsController#index to xml (for 127.0.0.1 at 2009-10-06 20:15:01) [GET]
  [4;35;1mAlert Load (0.8ms)[0m   [0mSELECT * FROM `alerts` [0m
  [4;36;1mAlert Columns (1.4ms)[0m   [0;1mSHOW FIELDS FROM `alerts`[0m
Completed in 9ms (View: 1, DB: 3) | 200 OK [http://localhost/alerts.xml]
  [4;35;1mSQL (0.5ms)[0m   [0mSET SQL_AUTO_IS_NULL=0[0m


Processing AlertsController#index to xml (for 127.0.0.1 at 2009-10-06 20:15:15) [GET]
  [4;36;1mAlert Load (0.7ms)[0m   [0;1mSELECT * FROM `alerts` [0m
  [4;35;1mAlert Columns (1.3ms)[0m   [0mSHOW FIELDS FROM `alerts`[0m
Completed in 9ms (View: 1, DB: 3) | 200 OK [http://localhost/alerts.xml]
  [4;36;1mSQL (0.5ms)[0m   [0;1mSET SQL_AUTO_IS_NULL=0[0m


Processing AlertsController#index to xml (for 127.0.0.1 at 2009-10-06 20:19:47) [GET]
  [4;35;1mAlert Load (0.5ms)[0m   [0mSELECT * FROM `alerts` [0m
  [4;36;1mAlert Columns (1.3ms)[0m   [0;1mSHOW FIELDS FROM `alerts`[0m
Completed in 9ms (View: 1, DB: 2) | 200 OK [http://localhost/alerts.xml]
  [4;35;1mSQL (0.5ms)[0m   [0mSET SQL_AUTO_IS_NULL=0[0m


Processing AlertsController#index to xml (for 127.0.0.1 at 2009-10-06 20:19:51) [GET]
  [4;36;1mAlert Load (0.6ms)[0m   [0;1mSELECT * FROM `alerts` [0m
  [4;35;1mAlert Columns (1.2ms)[0m   [0mSHOW FIELDS FROM `alerts`[0m
Completed in 8ms (View: 0, DB: 2) | 200 OK [http://localhost/alerts.xml]
  [4;36;1mSQL (0.5ms)[0m   [0;1mSET SQL_AUTO_IS_NULL=0[0m


Processing AlertsController#index to xml (for 127.0.0.1 at 2009-10-06 20:19:53) [GET]
  [4;35;1mAlert Load (0.5ms)[0m   [0mSELECT * FROM `alerts` [0m
  [4;36;1mAlert Columns (1.2ms)[0m   [0;1mSHOW FIELDS FROM `alerts`[0m
Completed in 8ms (View: 0, DB: 2) | 200 OK [http://localhost/alerts.xml]
  [4;35;1mSQL (0.5ms)[0m   [0mSET SQL_AUTO_IS_NULL=0[0m


Processing AlertsController#index to xml (for 127.0.0.1 at 2009-10-06 20:20:00) [GET]
  [4;36;1mAlert Load (0.6ms)[0m   [0;1mSELECT * FROM `alerts` [0m
  [4;35;1mAlert Columns (1.7ms)[0m   [0mSHOW FIELDS FROM `alerts`[0m
Completed in 8ms (View: 0, DB: 3) | 200 OK [http://localhost/alerts.xml]
  [4;36;1mSQL (0.5ms)[0m   [0;1mSET SQL_AUTO_IS_NULL=0[0m


Processing AlertsController#index to xml (for 127.0.0.1 at 2009-10-06 20:40:10) [GET]
  [4;35;1mAlert Load (0.6ms)[0m   [0mSELECT * FROM `alerts` [0m
  [4;36;1mAlert Columns (1.4ms)[0m   [0;1mSHOW FIELDS FROM `alerts`[0m
Completed in 8ms (View: 0, DB: 2) | 200 OK [http://localhost/alerts.xml]
  [4;35;1mSQL (0.5ms)[0m   [0mSET SQL_AUTO_IS_NULL=0[0m


Processing AlertsController#index to xml (for 127.0.0.1 at 2009-10-06 20:42:12) [GET]
  [4;36;1mAlert Load (0.8ms)[0m   [0;1mSELECT * FROM `alerts` [0m
  [4;35;1mAlert Columns (1.2ms)[0m   [0mSHOW FIELDS FROM `alerts`[0m
Completed in 9ms (View: 1, DB: 3) | 200 OK [http://localhost/alerts.xml]
  [4;36;1mSQL (0.5ms)[0m   [0;1mSET SQL_AUTO_IS_NULL=0[0m


Processing AlertsController#index to xml (for 127.0.0.1 at 2009-10-06 20:43:05) [GET]
  [4;35;1mAlert Load (0.8ms)[0m   [0mSELECT * FROM `alerts` [0m
  [4;36;1mAlert Columns (1.4ms)[0m   [0;1mSHOW FIELDS FROM `alerts`[0m
Completed in 8ms (View: 0, DB: 3) | 200 OK [http://localhost/alerts.xml]
  [4;35;1mSQL (0.5ms)[0m   [0mSET SQL_AUTO_IS_NULL=0[0m


Processing AlertsController#index to xml (for 127.0.0.1 at 2009-10-06 20:44:43) [GET]
  [4;36;1mAlert Load (0.8ms)[0m   [0;1mSELECT * FROM `alerts` [0m
  [4;35;1mAlert Columns (1.3ms)[0m   [0mSHOW FIELDS FROM `alerts`[0m
Completed in 64ms (View: 1, DB: 3) | 200 OK [http://localhost/alerts.xml]
  [4;36;1mSQL (0.5ms)[0m   [0;1mSET SQL_AUTO_IS_NULL=0[0m


Processing AlertsController#index to xml (for 127.0.0.1 at 2009-10-06 20:45:34) [GET]
  [4;35;1mAlert Load (0.5ms)[0m   [0mSELECT * FROM `alerts` [0m
  [4;36;1mAlert Columns (1.4ms)[0m   [0;1mSHOW FIELDS FROM `alerts`[0m
Completed in 8ms (View: 0, DB: 2) | 200 OK [http://localhost/alerts.xml]
  [4;35;1mSQL (0.5ms)[0m   [0mSET SQL_AUTO_IS_NULL=0[0m


Processing AlertsController#index to xml (for 127.0.0.1 at 2009-10-06 20:46:59) [GET]
  [4;36;1mAlert Load (0.5ms)[0m   [0;1mSELECT * FROM `alerts` [0m
  [4;35;1mAlert Columns (1.4ms)[0m   [0mSHOW FIELDS FROM `alerts`[0m
Completed in 8ms (View: 0, DB: 2) | 200 OK [http://localhost/alerts.xml]
  [4;36;1mSQL (0.5ms)[0m   [0;1mSET SQL_AUTO_IS_NULL=0[0m


Processing AlertsController#index to xml (for 127.0.0.1 at 2009-10-06 20:54:56) [GET]
  [4;35;1mAlert Load (0.9ms)[0m   [0mSELECT * FROM `alerts` [0m
  [4;36;1mAlert Columns (1.2ms)[0m   [0;1mSHOW FIELDS FROM `alerts`[0m
Completed in 9ms (View: 1, DB: 3) | 200 OK [http://localhost/alerts.xml]
  [4;35;1mSQL (0.4ms)[0m   [0mSET SQL_AUTO_IS_NULL=0[0m


Processing AlertsController#index to xml (for 127.0.0.1 at 2009-10-06 20:57:17) [GET]
  [4;36;1mAlert Load (0.7ms)[0m   [0;1mSELECT * FROM `alerts` [0m
  [4;35;1mAlert Columns (1.4ms)[0m   [0mSHOW FIELDS FROM `alerts`[0m
Completed in 8ms (View: 0, DB: 3) | 200 OK [http://localhost/alerts.xml]
  [4;36;1mSQL (0.5ms)[0m   [0;1mSET SQL_AUTO_IS_NULL=0[0m


Processing AlertsController#index to xml (for 127.0.0.1 at 2009-10-06 20:57:45) [GET]
  [4;35;1mAlert Load (0.7ms)[0m   [0mSELECT * FROM `alerts` [0m
  [4;36;1mAlert Columns (1.4ms)[0m   [0;1mSHOW FIELDS FROM `alerts`[0m
Completed in 8ms (View: 0, DB: 3) | 200 OK [http://localhost/alerts.xml]
